<?xml version="1.0" encoding="UTF-8"?>
<testng-results ignored="0" total="1" passed="1" failed="0" skipped="0">
  <reporter-output>
  </reporter-output>
  <suite started-at="2024-11-12T08:15:59 IST" name="Suite" finished-at="2024-11-12T08:16:00 IST" duration-ms="1200">
    <groups>
      <group name="cucumber">
        <method signature="AbstractTestNGCucumberTests.runScenario(io.cucumber.testng.PickleWrapper,io.cucumber.testng.FeatureWrapper)[pri:0, instance:runner.RunnerClass@1623b78d]" name="runScenario" class="io.cucumber.testng.AbstractTestNGCucumberTests"/>
      </group> <!-- cucumber -->
    </groups>
    <test started-at="2024-11-12T08:15:59 IST" name="Test" finished-at="2024-11-12T08:16:00 IST" duration-ms="1200">
      <class name="runner.RunnerClass">
        <test-method is-config="true" signature="setUpClass(org.testng.ITestContext)[pri:0, instance:runner.RunnerClass@1623b78d]" started-at="2024-11-12T08:15:59 IST" name="setUpClass" finished-at="2024-11-12T08:16:00 IST" duration-ms="746" status="PASS">
          <params>
            <param index="0">
              <value>
                <![CDATA[org.testng.TestRunner@21a21c64]]>
              </value>
            </param>
          </params>
          <reporter-output>
          </reporter-output>
        </test-method> <!-- setUpClass -->
        <test-method signature="runScenario(io.cucumber.testng.PickleWrapper,io.cucumber.testng.FeatureWrapper)[pri:0, instance:runner.RunnerClass@1623b78d]" started-at="2024-11-12T08:16:00 IST" name="runScenario" description="Runs Cucumber Scenarios" data-provider="scenarios" finished-at="2024-11-12T08:16:00 IST" duration-ms="298" status="PASS">
          <params>
            <param index="0">
              <value>
                <![CDATA["verify the login Functionality"]]>
              </value>
            </param>
            <param index="1">
              <value>
                <![CDATA["Login Feature File"]]>
              </value>
            </param>
          </params>
          <reporter-output>
          </reporter-output>
        </test-method> <!-- runScenario -->
        <test-method is-config="true" signature="tearDownClass()[pri:0, instance:runner.RunnerClass@1623b78d]" started-at="2024-11-12T08:16:00 IST" name="tearDownClass" finished-at="2024-11-12T08:16:00 IST" duration-ms="9" status="PASS">
          <reporter-output>
          </reporter-output>
        </test-method> <!-- tearDownClass -->
      </class> <!-- runner.RunnerClass -->
    </test> <!-- Test -->
  </suite> <!-- Suite -->
</testng-results>
